0 info it worked if it ends with ok
1 verbose cli [ '/home/zhangysheng/.nvm/versions/node/v4.4.7/bin/node',
1 verbose cli   '/home/zhangysheng/.nvm/versions/node/v4.4.7/bin/npm',
1 verbose cli   'i' ]
2 info using npm@2.15.8
3 info using node@v4.4.7
4 verbose config Skipping project config: /home/zhangysheng/.npmrc. (matches userconfig)
5 verbose readDependencies loading dependencies from /home/zhangysheng/package.json
6 error install Couldn't read dependencies
7 verbose stack Error: ENOENT: no such file or directory, open '/home/zhangysheng/package.json'
7 verbose stack     at Error (native)
8 verbose cwd /home/zhangysheng/project/zys-remoter/app/models
9 error Linux 4.4.0-34-generic
10 error argv "/home/zhangysheng/.nvm/versions/node/v4.4.7/bin/node" "/home/zhangysheng/.nvm/versions/node/v4.4.7/bin/npm" "i"
11 error node v4.4.7
12 error npm  v2.15.8
13 error path /home/zhangysheng/package.json
14 error code ENOPACKAGEJSON
15 error errno -2
16 error syscall open
17 error package.json ENOENT: no such file or directory, open '/home/zhangysheng/package.json'
17 error package.json This is most likely not a problem with npm itself.
17 error package.json npm can't find a package.json file in your current directory.
18 verbose exit [ -2, true ]
